Data checker:
Number of fish: 14010
Ratio of males/females: 5604/8406
+--------+------------+--------------+
| Marker | Error rate | Missing rate |
+--------+------------+--------------+
|   1    |    0.23    |     0.05     |
|   2    |    0.16    |     0.05     |
|   3    |    0.36    |     0.05     |
|   4    |    0.17    |     0.05     |
|   5    |    0.09    |     0.05     |
|   6    |    0.26    |     0.05     |
|   7    |    0.27    |     0.05     |
|   8    |    0.21    |     0.05     |
|   9    |    0.22    |     0.05     |
|   10   |    0.33    |     0.05     |
|   11   |    0.08    |     0.05     |
|   12   |    0.13    |     0.05     |
|   13   |    0.44    |     0.05     |
|   14   |    0.29    |     0.05     |
|   15   |    0.14    |     0.05     |
+--------+------------+--------------+
Fitting 5 folds for each of 9240 candidates, totalling 46200 fits
Best Parameters: {'colsample_bytree': 0.3, 'learning_rate': 0.05, 'max_depth': 6, 'subsample': 0.8}

Performing 5-f cross validation
Mean 5-f cross validation replicated 20 times was 0.99536
Average number misclassified samples: 12
Average percentage misclassified samples: 0%

Performing 3-f cross validation
Mean 5-f cross validation replicated 20 times was 0.99436
Average number misclassified samples: 26
Average percentage misclassified samples: 0%

Performing 2-f cross validation
Mean 5-f cross validation replicated 20 times was 0.99500
Average number misclassified samples: 34
Average percentage misclassified samples: 0%
